<?xml version="1.0" encoding="UTF-8"?>
<!-- Generated by org.testng.reporters.JUnitReportReporter -->
<testsuite hostname="DESKTOP-PKRGAQS" failures="0" tests="4" name="Package1.Trello" time="8.712" errors="0" timestamp="2023-01-03T15:41:57 IST" skipped="2">
  <testcase classname="Package1.Trello" name="update_Board" time="1.498"/>
  <system-out/>
  <testcase classname="Package1.Trello" name="createboards" time="7.214"/>
  <system-out/>
  <testcase classname="Package1.Trello" name="delete_boards">
    <skipped/>
  </testcase> <!-- delete_boards -->
  <system-out/>
  <testcase classname="Package1.Trello" name="getboards">
    <skipped/>
  </testcase> <!-- getboards -->
  <system-out/>
</testsuite> <!-- Package1.Trello -->
